Resolving dependencies...
Downloading packages...
  bloc 8.1.4 (9.1.0 available)
  characters 1.4.0 (1.4.1 available)
  flutter_bloc 8.1.6 (9.1.1 available)
  flutter_lints 5.0.0 (6.0.0 available)
  geolocator 12.0.0 (14.0.2 available)
  geolocator_android 4.6.2 (5.0.2 available)
  go_router 14.8.1 (17.0.0 available)
  lints 5.1.1 (6.0.0 available)
  material_color_utilities 0.11.1 (0.13.0 available)
  meta 1.16.0 (1.17.0 available)
  test_api 0.7.6 (0.7.8 available)
Got dependencies!
11 packages have newer versions incompatible with dependency constraints.
Try `flutter pub outdated` for more information.
Launching lib/main.dart on sdk gphone64 x86 64 in debug mode...
Running Gradle task 'assembleDebug'...
lib/bloc/saved_radios_bloc.dart:3:8: Error: Error when reading '../../.pub-cache/hosted/pub.dev/equatable-2.0.7/lib/equatable': No such file or directory
import 'package:equatable/equatable';
       ^
lib/bloc/saved_radios_bloc.dart:10:41: Error: Type 'Equatable' not found.
abstract class SavedRadiosEvent extends Equatable {
                                        ^^^^^^^^^
lib/bloc/saved_radios_bloc.dart:42:32: Error: Type 'Equatable' not found.
class SavedRadiosState extends Equatable {
                               ^^^^^^^^^
Target kernel_snapshot_program failed: Exception


FAILURE: Build failed with an exception.

* What went wrong:
Execution failed for task ':app:compileFlutterBuildDebug'.
> Process 'command '/opt/flutter/bin/flutter'' finished with non-zero exit value 1

* Try:
> Run with --stacktrace option to get the stack trace.
> Run with --info or --debug option to get more log output.
> Run with --scan to get full insights.
> Get more help at https://help.gradle.org.

BUILD FAILED in 18s
Error: Gradle task assembleDebug failed with exit code 1
